Arguments: 
  /Users/raselmahmud/.nvm/versions/node/v10.22.1/bin/node /usr/local/Cellar/yarn/1.22.10/libexec/bin/yarn.js add nodemon --dev

PATH: 
  /Users/raselmahmud/.nvm/versions/node/v10.22.1/bin:/usr/local/opt/icu4c/sbin:/usr/local/sbin:/Users/raselmahmud/bin:/usr/local/bin:/usr/local/bin:/usr/bin:/bin:/usr/sbin:/sbin:/Users/raselmahmud/Desktop/server/redis/src

Yarn version: 
  1.22.10

Node version: 
  10.22.1

Platform: 
  darwin x64

Trace: 
  SyntaxError: /Users/raselmahmud/Desktop/summit/node/package.json: Unexpected string in JSON at position 112
      at JSON.parse (<anonymous>)
      at /usr/local/Cellar/yarn/1.22.10/libexec/lib/cli.js:1625:59
      at Generator.next (<anonymous>)
      at step (/usr/local/Cellar/yarn/1.22.10/libexec/lib/cli.js:310:30)
      at /usr/local/Cellar/yarn/1.22.10/libexec/lib/cli.js:321:13

npm manifest: 
  {
    "name": "node",
    "version": "1.0.0",
    "description": "",
    "main": "index.js",
    "scripts": {
      "start" "nodemone index.js",
      "test": "echo \"Error: no test specified\" && exit 1"
    },
    "author": "",
    "license": "ISC"
  }

yarn manifest: 
  No manifest

Lockfile: 
  No lockfile
